<?xml version="1.0" encoding="UTF-8"?>
<testsuite name="JUnit Vintage" tests="6" skipped="0" failures="0" errors="0" time="0.032" hostname="CPX-6LYU9GTO7X8" timestamp="2021-06-22T20:39:31">
<properties>
[...]
</properties>
<testcase name="test_cmd1" classname="CmdTest" time="0.003">
<system-out><![CDATA[
unique-id: [engine:junit-vintage]/[runner:CmdTest]/[test:test_cmd1(CmdTest)]
display-name: test_cmd1
]]></system-out>
</testcase>
<testcase name="test_cmd2" classname="CmdTest" time="0">
<system-out><![CDATA[
unique-id: [engine:junit-vintage]/[runner:CmdTest]/[test:test_cmd2(CmdTest)]
display-name: test_cmd2
]]></system-out>
</testcase>
<testcase name="test_cmd" classname="CmdTest" time="0">
<system-out><![CDATA[
unique-id: [engine:junit-vintage]/[runner:CmdTest]/[test:test_cmd(CmdTest)]
display-name: test_cmd
]]></system-out>
</testcase>
<testcase name="test_cmd1" classname="CommandLineTest" time="0">
<system-out><![CDATA[
unique-id: [engine:junit-vintage]/[runner:CommandLineTest]/[test:test_cmd1(CommandLineTest)]
display-name: test_cmd1
]]></system-out>
</testcase>
<testcase name="test_cmd2" classname="CommandLineTest" time="0">
<system-out><![CDATA[
unique-id: [engine:junit-vintage]/[runner:CommandLineTest]/[test:test_cmd2(CommandLineTest)]
display-name: test_cmd2
]]></system-out>
</testcase>
<testcase name="test_cmd" classname="CommandLineTest" time="0">
<system-out><![CDATA[
unique-id: [engine:junit-vintage]/[runner:CommandLineTest]/[test:test_cmd(CommandLineTest)]
display-name: test_cmd
]]></system-out>
</testcase>
<system-out><![CDATA[
unique-id: [engine:junit-vintage]
display-name: JUnit Vintage
]]></system-out>
</testsuite>
